Arguments: 
  /usr/local/Cellar/node/9.7.1/bin/node /usr/local/bin/yarn build

PATH: 
  /usr/local/bin:/usr/bin:/bin:/usr/sbin:/sbin

Yarn version: 
  1.5.1

Node version: 
  9.7.1

Platform: 
  darwin x64

npm manifest: 
  {
    "name": "clicky",
    "version": "0.1.0",
    "private": false,
    "author": "Steve Zinski",
    "license": "ISC",
    "homepage": "",
    "dependencies": {
      "npm": "^5.8.0",
      "react": "^16.3.1",
      "react-dom": "^16.3.1",
      "react-scripts": "^1.1.4",
      "reshake": "^1.0.8"
    },
    "scripts": {
      "start": "react-scripts start",
      "build": "react-scripts build",
      "test": "react-scripts test --env=jsdom",
      "eject": "react-scripts eject",
      "predeploy": "npm run build",
      "deploy": "gh-pages -d build"
    },
    "devDependencies": {
      "gh-pages": "^1.1.0"
    }
  }

yarn manifest: 
  No manifest

Lockfile: 
  # THIS IS AN AUTOGENERATED FILE. DO NOT EDIT THIS FILE DIRECTLY.
  # yarn lockfile v1

Trace: 
  Error: Command failed.
  Exit code: 1
  Command: sh
  Arguments: -c react-scripts build
  Directory: /Users/Mohamed/Desktop/class/Homeworks/clicky-game
  Output:
  
      at ProcessTermError.MessageError (/usr/local/lib/node_modules/yarn/lib/cli.js:186:110)
      at new ProcessTermError (/usr/local/lib/node_modules/yarn/lib/cli.js:226:113)
      at ChildProcess.<anonymous> (/usr/local/lib/node_modules/yarn/lib/cli.js:30281:17)
      at ChildProcess.emit (events.js:127:13)
      at maybeClose (internal/child_process.js:936:16)
      at Process.ChildProcess._handle.onexit (internal/child_process.js:220:5)
